// 重构日志: bce7a6b0
// 重构日志: ccdf60bb
// 重构日志: 0b08749d
// 重构日志: 006249a1
// 同步 ID: 1a015a30 @ Fri Jul  3 10:14:30 UTC 2026
// 重构日志: ef28cd0a
// 重构日志: 333eb264
// 同步 ID: 3eca6e55 @ Sat Jul  4 21:28:58 UTC 2026
// 重构日志: 46b257b7
// 同步 ID: 02fdad10 @ Thu Jul  9 09:46:12 UTC 2026
// 重构日志: 71db12a5
// 重构日志: 62d5f0d8
// 同步 ID: 40411bf4 @ Sun Jul 12 07:55:17 UTC 2026
// 重构日志: 4b7b3e87
// 重构日志: 2519e8bf
// 重构日志: babf2e67
// 同步 ID: 5ea57a3c @ Thu Jul 16 06:57:39 UTC 2026
// 重构日志: 2fea8e89
// 同步 ID: 834d9e7f @ Sun Jul 19 07:57:51 UTC 2026
// 同步 ID: b2f6fffa @ Sun Jul 19 11:52:59 UTC 2026
// 重构日志: 3d0bb591
// 重构日志: d13e3d83
